This file contains any messages produced by compilers while
running configure, to aid debugging if configure makes a mistake.

It was created by configure, which was
generated by GNU Autoconf 2.61.  Invocation command line was

  $ ./configure --prefix=/usr/local

## --------- ##
## Platform. ##
## --------- ##

hostname = d-69-91-181-200.dhcp4.washington.edu
uname -m = i386
uname -r = 10.2.0
uname -s = Darwin
uname -v = Darwin Kernel Version 10.2.0: Tue Nov  3 10:37:10 PST 2009; root:xnu-1486.2.11~1/RELEASE_I386

/usr/bin/uname -p = i386
/bin/uname -X     = unknown

/bin/arch              = unknown
/usr/bin/arch -k       = unknown
/usr/convex/getsysinfo = unknown
/usr/bin/hostinfo      = Mach kernel version:
	 Darwin Kernel Version 10.2.0: Tue Nov  3 10:37:10 PST 2009; root:xnu-1486.2.11~1/RELEASE_I386
Kernel configured for up to 2 processors.
2 processors are physically available.
2 processors are logically available.
Processor type: i486 (Intel 80486)
Processors active: 0 1
Primary memory available: 2.00 gigabytes
Default processor set: 89 tasks, 401 threads, 2 processors
Load average: 1.27, Mach factor: 1.02
/bin/machine           = unknown
/usr/bin/oslevel       = unknown
/bin/universe          = unknown

PATH: /usr/bin
PATH: /bin
PATH: /usr/sbin
PATH: /sbin
PATH: /usr/local/bin
PATH: /usr/X11/bin


## ----------- ##
## Core tests. ##
## ----------- ##

configure:1762: checking for gawk
configure:1792: result: no
configure:1762: checking for mawk
configure:1792: result: no
configure:1762: checking for nawk
configure:1792: result: no
configure:1762: checking for awk
configure:1778: found /usr/bin/awk
configure:1789: result: awk
configure:1848: checking for gcc
configure:1864: found /usr/bin/gcc
configure:1875: result: gcc
configure:2113: checking for C compiler version
configure:2120: gcc --version >&5
i686-apple-darwin10-gcc-4.2.1 (GCC) 4.2.1 (Apple Inc. build 5659)
Copyright (C) 2007 Free Software Foundation, Inc.
This is free software; see the source for copying conditions.  There is NO
warranty; not even for MERCHANTABILITY or FITNESS FOR A PARTICULAR PURPOSE.

configure:2123: $? = 0
configure:2130: gcc -v >&5
Using built-in specs.
Target: i686-apple-darwin10
Configured with: /var/tmp/gcc/gcc-5659~1/src/configure --disable-checking --enable-werror --prefix=/usr --mandir=/share/man --enable-languages=c,objc,c++,obj-c++ --program-transform-name=/^[cg][^.-]*$/s/$/-4.2/ --with-slibdir=/usr/lib --build=i686-apple-darwin10 --program-prefix=i686-apple-darwin10- --host=x86_64-apple-darwin10 --target=i686-apple-darwin10 --with-gxx-include-dir=/include/c++/4.2.1
Thread model: posix
gcc version 4.2.1 (Apple Inc. build 5659)
configure:2133: $? = 0
configure:2140: gcc -V >&5
gcc-4.2: argument to `-V' is missing
configure:2143: $? = 1
configure:2166: checking for C compiler default output file name
configure:2193: gcc    conftest.c  >&5
configure:2196: $? = 0
configure:2234: result: a.out
configure:2251: checking whether the C compiler works
configure:2261: ./a.out
configure:2264: $? = 0
configure:2281: result: yes
configure:2288: checking whether we are cross compiling
configure:2290: result: no
configure:2293: checking for suffix of executables
configure:2300: gcc -o conftest    conftest.c  >&5
configure:2303: $? = 0
configure:2327: result: 
configure:2333: checking for suffix of object files
configure:2359: gcc -c   conftest.c >&5
configure:2362: $? = 0
configure:2385: result: o
configure:2389: checking whether we are using the GNU C compiler
configure:2418: gcc -c   conftest.c >&5
configure:2424: $? = 0
configure:2441: result: yes
configure:2446: checking whether gcc accepts -g
configure:2476: gcc -c -g  conftest.c >&5
configure:2482: $? = 0
configure:2581: result: yes
configure:2598: checking for gcc option to accept ISO C89
configure:2672: gcc  -c   conftest.c >&5
configure:2678: $? = 0
configure:2701: result: none needed
configure:2777: checking for g++
configure:2793: found /usr/bin/g++
configure:2804: result: g++
configure:2835: checking for C++ compiler version
configure:2842: g++ --version >&5
i686-apple-darwin10-g++-4.2.1 (GCC) 4.2.1 (Apple Inc. build 5659)
Copyright (C) 2007 Free Software Foundation, Inc.
This is free software; see the source for copying conditions.  There is NO
warranty; not even for MERCHANTABILITY or FITNESS FOR A PARTICULAR PURPOSE.

configure:2845: $? = 0
configure:2852: g++ -v >&5
Using built-in specs.
Target: i686-apple-darwin10
Configured with: /var/tmp/gcc/gcc-5659~1/src/configure --disable-checking --enable-werror --prefix=/usr --mandir=/share/man --enable-languages=c,objc,c++,obj-c++ --program-transform-name=/^[cg][^.-]*$/s/$/-4.2/ --with-slibdir=/usr/lib --build=i686-apple-darwin10 --program-prefix=i686-apple-darwin10- --host=x86_64-apple-darwin10 --target=i686-apple-darwin10 --with-gxx-include-dir=/include/c++/4.2.1
Thread model: posix
gcc version 4.2.1 (Apple Inc. build 5659)
configure:2855: $? = 0
configure:2862: g++ -V >&5
g++-4.2: argument to `-V' is missing
configure:2865: $? = 1
configure:2868: checking whether we are using the GNU C++ compiler
configure:2897: g++ -c   conftest.cpp >&5
configure:2903: $? = 0
configure:2920: result: yes
configure:2925: checking whether g++ accepts -g
configure:2955: g++ -c -g  conftest.cpp >&5
configure:2961: $? = 0
configure:3060: result: yes
configure:3088: checking how to run the C preprocessor
configure:3128: gcc -E  conftest.c
configure:3134: $? = 0
configure:3165: gcc -E  conftest.c
conftest.c:9:28: error: ac_nonexistent.h: No such file or directory
configure:3171: $? = 1
configure: failed program was:
| /* confdefs.h.  */
| #define PACKAGE_NAME ""
| #define PACKAGE_TARNAME ""
| #define PACKAGE_VERSION ""
| #define PACKAGE_STRING ""
| #define PACKAGE_BUGREPORT ""
| #define SVERSION "1.9svn"
| /* end confdefs.h.  */
| #include <ac_nonexistent.h>
configure:3204: result: gcc -E
configure:3233: gcc -E  conftest.c
configure:3239: $? = 0
configure:3270: gcc -E  conftest.c
conftest.c:9:28: error: ac_nonexistent.h: No such file or directory
configure:3276: $? = 1
configure: failed program was:
| /* confdefs.h.  */
| #define PACKAGE_NAME ""
| #define PACKAGE_TARNAME ""
| #define PACKAGE_VERSION ""
| #define PACKAGE_STRING ""
| #define PACKAGE_BUGREPORT ""
| #define SVERSION "1.9svn"
| /* end confdefs.h.  */
| #include <ac_nonexistent.h>
configure:3356: checking for ranlib
configure:3372: found /usr/bin/ranlib
configure:3383: result: ranlib
configure:3411: checking for ar
configure:3429: found /usr/bin/ar
configure:3441: result: /usr/bin/ar
configure:3451: checking for chmod
configure:3469: found /bin/chmod
configure:3481: result: /bin/chmod
configure:3491: checking for cp
configure:3509: found /bin/cp
configure:3521: result: /bin/cp
configure:3531: checking for fltk-config
configure:3564: result: no
configure:3571: checking for mv
configure:3589: found /bin/mv
configure:3601: result: /bin/mv
configure:3611: checking for mkdir
configure:3629: found /bin/mkdir
configure:3641: result: /bin/mkdir
configure:3651: checking for rm
configure:3669: found /bin/rm
configure:3681: result: /bin/rm
configure:3702: checking for grep that handles long lines and -e
configure:3776: result: /usr/bin/grep
configure:3781: checking for egrep
configure:3859: result: /usr/bin/grep -E
configure:3864: checking for ANSI C header files
configure:3894: gcc -c   conftest.c >&5
configure:3900: $? = 0
configure:3999: gcc -o conftest    conftest.c  >&5
configure:4002: $? = 0
configure:4008: ./conftest
configure:4011: $? = 0
configure:4028: result: yes
configure:4052: checking for sys/types.h
configure:4073: gcc -c   conftest.c >&5
configure:4079: $? = 0
configure:4095: result: yes
configure:4052: checking for sys/stat.h
configure:4073: gcc -c   conftest.c >&5
configure:4079: $? = 0
configure:4095: result: yes
configure:4052: checking for stdlib.h
configure:4073: gcc -c   conftest.c >&5
configure:4079: $? = 0
configure:4095: result: yes
configure:4052: checking for string.h
configure:4073: gcc -c   conftest.c >&5
configure:4079: $? = 0
configure:4095: result: yes
configure:4052: checking for memory.h
configure:4073: gcc -c   conftest.c >&5
configure:4079: $? = 0
configure:4095: result: yes
configure:4052: checking for strings.h
configure:4073: gcc -c   conftest.c >&5
configure:4079: $? = 0
configure:4095: result: yes
configure:4052: checking for inttypes.h
configure:4073: gcc -c   conftest.c >&5
configure:4079: $? = 0
configure:4095: result: yes
configure:4052: checking for stdint.h
configure:4073: gcc -c   conftest.c >&5
configure:4079: $? = 0
configure:4095: result: yes
configure:4052: checking for unistd.h
configure:4073: gcc -c   conftest.c >&5
configure:4079: $? = 0
configure:4095: result: yes
configure:4108: checking for strings.h
configure:4113: result: yes
configure:4250: checking locale.h usability
configure:4267: gcc -c   conftest.c >&5
configure:4273: $? = 0
configure:4287: result: yes
configure:4291: checking locale.h presence
configure:4306: gcc -E  conftest.c
configure:4312: $? = 0
configure:4326: result: yes
configure:4354: checking for locale.h
configure:4361: result: yes
configure:4383: checking for strcasecmp
configure:4439: gcc -o conftest    conftest.c  >&5
conftest.c:44: warning: conflicting types for built-in function 'strcasecmp'
configure:4445: $? = 0
configure:4463: result: yes
configure:4383: checking for strdup
configure:4439: gcc -o conftest    conftest.c  >&5
conftest.c:45: warning: conflicting types for built-in function 'strdup'
configure:4445: $? = 0
configure:4463: result: yes
configure:4383: checking for strdupf
configure:4439: gcc -o conftest    conftest.c  >&5
Undefined symbols:
  "_strdupf", referenced from:
      _main in cctp2Cgv.o
ld: symbol(s) not found
collect2: ld returned 1 exit status
configure:4445: $? = 1
configure: failed program was:
| /* confdefs.h.  */
| #define PACKAGE_NAME ""
| #define PACKAGE_TARNAME ""
| #define PACKAGE_VERSION ""
| #define PACKAGE_STRING ""
| #define PACKAGE_BUGREPORT ""
| #define SVERSION "1.9svn"
| #define STDC_HEADERS 1
| #define HAVE_SYS_TYPES_H 1
| #define HAVE_SYS_STAT_H 1
| #define HAVE_STDLIB_H 1
| #define HAVE_STRING_H 1
| #define HAVE_MEMORY_H 1
| #define HAVE_STRINGS_H 1
| #define HAVE_INTTYPES_H 1
| #define HAVE_STDINT_H 1
| #define HAVE_UNISTD_H 1
| #define HAVE_STRINGS_H 1
| #define HAVE_LOCALE_H 1
| #define HAVE_STRCASECMP 1
| #define HAVE_STRDUP 1
| /* end confdefs.h.  */
| /* Define strdupf to an innocuous variant, in case <limits.h> declares strdupf.
|    For example, HP-UX 11i <limits.h> declares gettimeofday.  */
| #define strdupf innocuous_strdupf
| 
| /* System header to define __stub macros and hopefully few prototypes,
|     which can conflict with char strdupf (); below.
|     Prefer <limits.h> to <assert.h> if __STDC__ is defined, since
|     <limits.h> exists even on freestanding compilers.  */
| 
| #ifdef __STDC__
| # include <limits.h>
| #else
| # include <assert.h>
| #endif
| 
| #undef strdupf
| 
| /* Override any GCC internal prototype to avoid an error.
|    Use char because int might match the return type of a GCC
|    builtin and then its argument prototype would still apply.  */
| #ifdef __cplusplus
| extern "C"
| #endif
| char strdupf ();
| /* The GNU C library defines this for functions which it implements
|     to always fail with ENOSYS.  Some functions are actually named
|     something starting with __ and the normal name is an alias.  */
| #if defined __stub_strdupf || defined __stub___strdupf
| choke me
| #endif
| 
| int
| main ()
| {
| return strdupf ();
|   ;
|   return 0;
| }
configure:4463: result: no
configure:4383: checking for strlcat
configure:4439: gcc -o conftest    conftest.c  >&5
configure:4445: $? = 0
configure:4463: result: yes
configure:4383: checking for strlcpy
configure:4439: gcc -o conftest    conftest.c  >&5
configure:4445: $? = 0
configure:4463: result: yes
configure:4383: checking for strncasecmp
configure:4439: gcc -o conftest    conftest.c  >&5
conftest.c:48: warning: conflicting types for built-in function 'strncasecmp'
configure:4445: $? = 0
configure:4463: result: yes
configure:4482: checking for snprintf
configure:4538: gcc -o conftest    conftest.c  >&5
conftest.c:49: warning: conflicting types for built-in function 'snprintf'
configure:4544: $? = 0
configure:4562: result: yes
configure:4482: checking for vsnprintf
configure:4538: gcc -o conftest    conftest.c  >&5
conftest.c:50: warning: conflicting types for built-in function 'vsnprintf'
configure:4544: $? = 0
configure:4562: result: yes
configure:4574: checking for tm_gmtoff member in tm structure
configure:4598: gcc -c   conftest.c >&5
configure:4604: $? = 0
configure:4609: result: yes
configure:4629: checking for pow in -lm
configure:4664: gcc -o conftest    conftest.c -lm   >&5
conftest.c:36: warning: conflicting types for built-in function 'pow'
configure:4670: $? = 0
configure:4688: result: yes
configure:4700: checking for library containing socket
configure:4741: gcc -o conftest    conftest.c -lm  >&5
configure:4747: $? = 0
configure:4775: result: none required
configure:4783: checking for library containing gethostbyaddr
configure:4824: gcc -o conftest    conftest.c -lm  >&5
configure:4830: $? = 0
configure:4858: result: none required
configure:4866: checking for library containing getaddrinfo
configure:4907: gcc -o conftest    conftest.c -lm  >&5
configure:4913: $? = 0
configure:4941: result: none required
configure:4952: checking for library containing getnameinfo
configure:4993: gcc -o conftest    conftest.c -lm  >&5
configure:4999: $? = 0
configure:5027: result: none required
configure:5038: checking for library containing hstrerror
configure:5079: gcc -o conftest    conftest.c -lm  >&5
configure:5085: $? = 0
configure:5113: result: none required
configure:5132: checking for special C compiler options needed for large files
configure:5225: result: no
configure:5231: checking for _FILE_OFFSET_BITS value needed for large files
configure:5266: gcc -c   conftest.c >&5
configure:5272: $? = 0
configure:5340: result: no
configure:5490: checking for long long int
configure:5541: result: yes
configure:5551: checking for strtoll
configure:5607: gcc -o conftest    conftest.c -lm  >&5
configure:5613: $? = 0
configure:5630: result: yes
configure:5675: checking openssl/ssl.h usability
configure:5692: gcc -c   conftest.c >&5
configure:5698: $? = 0
configure:5712: result: yes
configure:5716: checking openssl/ssl.h presence
configure:5731: gcc -E  conftest.c
configure:5737: $? = 0
configure:5751: result: yes
configure:5779: checking for openssl/ssl.h
configure:5786: result: yes
configure:5799: checking for SSL_new in -lssl
configure:5834: gcc -o conftest    conftest.c -lssl -lcrypto -lm  >&5
configure:5840: $? = 0
configure:5858: result: yes
configure:5892: checking for jpeg_CreateCompress in -ljpeg
configure:5927: gcc -o conftest    conftest.c -ljpeg  -lm  >&5
ld: library not found for -ljpeg
collect2: ld returned 1 exit status
configure:5933: $? = 1
configure: failed program was:
| /* confdefs.h.  */
| #define PACKAGE_NAME ""
| #define PACKAGE_TARNAME ""
| #define PACKAGE_VERSION ""
| #define PACKAGE_STRING ""
| #define PACKAGE_BUGREPORT ""
| #define SVERSION "1.9svn"
| #define STDC_HEADERS 1
| #define HAVE_SYS_TYPES_H 1
| #define HAVE_SYS_STAT_H 1
| #define HAVE_STDLIB_H 1
| #define HAVE_STRING_H 1
| #define HAVE_MEMORY_H 1
| #define HAVE_STRINGS_H 1
| #define HAVE_INTTYPES_H 1
| #define HAVE_STDINT_H 1
| #define HAVE_UNISTD_H 1
| #define HAVE_STRINGS_H 1
| #define HAVE_LOCALE_H 1
| #define HAVE_STRCASECMP 1
| #define HAVE_STRDUP 1
| #define HAVE_STRLCAT 1
| #define HAVE_STRLCPY 1
| #define HAVE_STRNCASECMP 1
| #define HAVE_SNPRINTF 1
| #define HAVE_VSNPRINTF 1
| #define HAVE_TM_GMTOFF 1
| #define HAVE_LIBM 1
| #define HAVE_GETADDRINFO 1
| #define HAVE_GETNAMEINFO 1
| #define HAVE_HSTRERROR 1
| #define HAVE_LONG_LONG 1
| #define HAVE_STRTOLL 1
| #define HAVE_SSL 1
| /* end confdefs.h.  */
| 
| /* Override any GCC internal prototype to avoid an error.
|    Use char because int might match the return type of a GCC
|    builtin and then its argument prototype would still apply.  */
| #ifdef __cplusplus
| extern "C"
| #endif
| char jpeg_CreateCompress ();
| int
| main ()
| {
| return jpeg_CreateCompress ();
|   ;
|   return 0;
| }
configure:5951: result: no
configure:5973: checking for gzgets in -lz
configure:6008: gcc -o conftest    conftest.c -lz  -lm  >&5
configure:6014: $? = 0
configure:6032: result: yes
configure:6054: checking for png_set_tRNS_to_alpha in -lpng
configure:6089: gcc -o conftest    conftest.c -lpng  -lz -lm  >&5
ld: library not found for -lpng
collect2: ld returned 1 exit status
configure:6095: $? = 1
configure: failed program was:
| /* confdefs.h.  */
| #define PACKAGE_NAME ""
| #define PACKAGE_TARNAME ""
| #define PACKAGE_VERSION ""
| #define PACKAGE_STRING ""
| #define PACKAGE_BUGREPORT ""
| #define SVERSION "1.9svn"
| #define STDC_HEADERS 1
| #define HAVE_SYS_TYPES_H 1
| #define HAVE_SYS_STAT_H 1
| #define HAVE_STDLIB_H 1
| #define HAVE_STRING_H 1
| #define HAVE_MEMORY_H 1
| #define HAVE_STRINGS_H 1
| #define HAVE_INTTYPES_H 1
| #define HAVE_STDINT_H 1
| #define HAVE_UNISTD_H 1
| #define HAVE_STRINGS_H 1
| #define HAVE_LOCALE_H 1
| #define HAVE_STRCASECMP 1
| #define HAVE_STRDUP 1
| #define HAVE_STRLCAT 1
| #define HAVE_STRLCPY 1
| #define HAVE_STRNCASECMP 1
| #define HAVE_SNPRINTF 1
| #define HAVE_VSNPRINTF 1
| #define HAVE_TM_GMTOFF 1
| #define HAVE_LIBM 1
| #define HAVE_GETADDRINFO 1
| #define HAVE_GETNAMEINFO 1
| #define HAVE_HSTRERROR 1
| #define HAVE_LONG_LONG 1
| #define HAVE_STRTOLL 1
| #define HAVE_SSL 1
| /* end confdefs.h.  */
| 
| /* Override any GCC internal prototype to avoid an error.
|    Use char because int might match the return type of a GCC
|    builtin and then its argument prototype would still apply.  */
| #ifdef __cplusplus
| extern "C"
| #endif
| char png_set_tRNS_to_alpha ();
| int
| main ()
| {
| return png_set_tRNS_to_alpha ();
|   ;
|   return 0;
| }
configure:6113: result: no
configure:6232: checking if GCC supports -fno-rtti
configure:6257: gcc -c  -fno-rtti  conftest.c >&5
cc1: warning: command line option "-fno-rtti" is valid for C++/ObjC++ but not for C
configure:6263: $? = 0
configure:6269: result: yes
configure:6282: checking if GCC supports -fno-exceptions
configure:6307: gcc -c  -fno-exceptions  conftest.c >&5
configure:6313: $? = 0
configure:6319: result: yes
configure:6512: creating ./config.status

## ---------------------- ##
## Running config.status. ##
## ---------------------- ##

This file was extended by config.status, which was
generated by GNU Autoconf 2.61.  Invocation command line was

  CONFIG_FILES    = 
  CONFIG_HEADERS  = 
  CONFIG_LINKS    = 
  CONFIG_COMMANDS = 
  $ ./config.status 

on d-69-91-181-200.dhcp4.washington.edu

config.status:619: creating Makedefs
config.status:619: creating htmldoc.list
config.status:619: creating config.h

## ---------------- ##
## Cache variables. ##
## ---------------- ##

ac_cv_c_compiler_gnu=yes
ac_cv_c_long_long=yes
ac_cv_cxx_compiler_gnu=yes
ac_cv_env_CCC_set=
ac_cv_env_CCC_value=
ac_cv_env_CC_set=
ac_cv_env_CC_value=
ac_cv_env_CFLAGS_set=
ac_cv_env_CFLAGS_value=
ac_cv_env_CPPFLAGS_set=
ac_cv_env_CPPFLAGS_value=
ac_cv_env_CPP_set=
ac_cv_env_CPP_value=
ac_cv_env_CXXFLAGS_set=
ac_cv_env_CXXFLAGS_value=
ac_cv_env_CXX_set=
ac_cv_env_CXX_value=
ac_cv_env_LDFLAGS_set=
ac_cv_env_LDFLAGS_value=
ac_cv_env_LIBS_set=
ac_cv_env_LIBS_value=
ac_cv_env_build_alias_set=
ac_cv_env_build_alias_value=
ac_cv_env_host_alias_set=
ac_cv_env_host_alias_value=
ac_cv_env_target_alias_set=
ac_cv_env_target_alias_value=
ac_cv_func_snprintf=yes
ac_cv_func_strcasecmp=yes
ac_cv_func_strdup=yes
ac_cv_func_strdupf=no
ac_cv_func_strlcat=yes
ac_cv_func_strlcpy=yes
ac_cv_func_strncasecmp=yes
ac_cv_func_strtoll=yes
ac_cv_func_vsnprintf=yes
ac_cv_header_inttypes_h=yes
ac_cv_header_locale_h=yes
ac_cv_header_memory_h=yes
ac_cv_header_openssl_ssl_h=yes
ac_cv_header_stdc=yes
ac_cv_header_stdint_h=yes
ac_cv_header_stdlib_h=yes
ac_cv_header_string_h=yes
ac_cv_header_strings_h=yes
ac_cv_header_sys_stat_h=yes
ac_cv_header_sys_types_h=yes
ac_cv_header_unistd_h=yes
ac_cv_lib_jpeg_jpeg_CreateCompress=no
ac_cv_lib_m_pow=yes
ac_cv_lib_png_png_set_tRNS_to_alpha=no
ac_cv_lib_ssl_SSL_new=yes
ac_cv_lib_z_gzgets=yes
ac_cv_objext=o
ac_cv_path_AR=/usr/bin/ar
ac_cv_path_CHMOD=/bin/chmod
ac_cv_path_CP=/bin/cp
ac_cv_path_EGREP='/usr/bin/grep -E'
ac_cv_path_GREP=/usr/bin/grep
ac_cv_path_MKDIR=/bin/mkdir
ac_cv_path_MV=/bin/mv
ac_cv_path_RM=/bin/rm
ac_cv_prog_AWK=awk
ac_cv_prog_CPP='gcc -E'
ac_cv_prog_ac_ct_CC=gcc
ac_cv_prog_ac_ct_CXX=g++
ac_cv_prog_ac_ct_RANLIB=ranlib
ac_cv_prog_cc_c89=
ac_cv_prog_cc_g=yes
ac_cv_prog_cxx_g=yes
ac_cv_search_getaddrinfo='none required'
ac_cv_search_gethostbyaddr='none required'
ac_cv_search_getnameinfo='none required'
ac_cv_search_hstrerror='none required'
ac_cv_search_socket='none required'
ac_cv_sys_file_offset_bits=no
ac_cv_sys_largefile_CC=no

## ----------------- ##
## Output variables. ##
## ----------------- ##

AR='/usr/bin/ar'
ARFLAGS='cr'
AWK='awk'
CC='gcc'
CFLAGS=''
CHMOD='/bin/chmod'
CP='/bin/cp'
CPP='gcc -E'
CPPFLAGS=''
CXX='g++'
CXXFLAGS=' -fno-rtti -fno-exceptions'
DEFS='-DHAVE_CONFIG_H'
ECHO_C='ECHO_N=''
ECHO_T=''
EGREP='/usr/bin/grep -E'
EXEEXT=''
FLTKCONFIG=''
GREP='/usr/bin/grep'
JPEGDEP='../jpeg/libjpeg.a'
JPEGDIR='jpeg'
JPEGINC='-I../jpeg'
LARGEFILE='-D_LARGEFILE_SOURCE -D_LARGEFILE64_SOURCE'
LDFLAGS=''
LIBOBJS=''
LIBS='-lz -lm '
LTLIBOBJS=''
MKDIR='/bin/mkdir'
MV='/bin/mv'
OBJEXT='o'
OPTIM='-Wall -Wunused -Wno-char-subscripts -Os -g'
PACKAGE_BUGREPORT=''
PACKAGE_NAME=''
PACKAGE_STRING=''
PACKAGE_TARNAME=''
PACKAGE_VERSION=''
PATH_SEPARATOR=':'
PNGDEP='../png/libpng.a'
PNGDIR='png'
PNGINC='-I../png'
RANLIB='ranlib'
RM='/bin/rm'
SHELL='/bin/sh'
SSLFLAGS='-DOPENSSL_DISABLE_OLD_DES_SUPPORT -DOPENSSL_NO_KRB5'
SSLLIBS='-lssl -lcrypto'
SVERSION='1.9svn'
ZLIBDEP=''
ZLIBDIR=''
ZLIBINC=''
ac_ct_CC='gcc'
ac_ct_CXX='g++'
bindir='/usr/local/bin'
build_alias=''
datadir='/usr/local/share'
datarootdir='/usr/local/share'
docdir='/usr/local/share/doc/htmldoc'
dvidir='${docdir}'
exec_prefix='/usr/local'
host_alias=''
htmldir='${docdir}'
includedir='${prefix}/include'
infodir='${datarootdir}/info'
libdir='${exec_prefix}/lib'
libexecdir='${exec_prefix}/libexec'
localedir='${datarootdir}/locale'
localstatedir='${prefix}/var'
mandir='${datarootdir}/man'
oldincludedir='/usr/include'
pdfdir='${docdir}'
prefix='/usr/local'
program_transform_name='s,x,x,'
psdir='${docdir}'
sbindir='${exec_prefix}/sbin'
sharedstatedir='${prefix}/com'
sysconfdir='/usr/local/etc'
target_alias=''

## ----------- ##
## confdefs.h. ##
## ----------- ##

#define PACKAGE_NAME ""
#define PACKAGE_TARNAME ""
#define PACKAGE_VERSION ""
#define PACKAGE_STRING ""
#define PACKAGE_BUGREPORT ""
#define SVERSION "1.9svn"
#define STDC_HEADERS 1
#define HAVE_SYS_TYPES_H 1
#define HAVE_SYS_STAT_H 1
#define HAVE_STDLIB_H 1
#define HAVE_STRING_H 1
#define HAVE_MEMORY_H 1
#define HAVE_STRINGS_H 1
#define HAVE_INTTYPES_H 1
#define HAVE_STDINT_H 1
#define HAVE_UNISTD_H 1
#define HAVE_STRINGS_H 1
#define HAVE_LOCALE_H 1
#define HAVE_STRCASECMP 1
#define HAVE_STRDUP 1
#define HAVE_STRLCAT 1
#define HAVE_STRLCPY 1
#define HAVE_STRNCASECMP 1
#define HAVE_SNPRINTF 1
#define HAVE_VSNPRINTF 1
#define HAVE_TM_GMTOFF 1
#define HAVE_LIBM 1
#define HAVE_GETADDRINFO 1
#define HAVE_GETNAMEINFO 1
#define HAVE_HSTRERROR 1
#define HAVE_LONG_LONG 1
#define HAVE_STRTOLL 1
#define HAVE_SSL 1
#define HAVE_LIBJPEG 1
#define HAVE_LIBPNG 1
#define HAVE_LIBZ 1
#define HTMLDOC_DATA "/usr/local/share/htmldoc"
#define HTMLDOC_DOCDIR "/usr/local/share/doc/htmldoc"

configure: exit 0
